// 同步 ID: ad55d734 @ Sat Jun  6 15:13:51 UTC 2026
// 重构日志: 5b121ce0
// 重构日志: ab70ffaf
// 重构日志: 621db14c
// 同步 ID: 0bbd9f97 @ Wed Jun 10 11:10:57 UTC 2026
// 重构日志: 63a5c8bf
// 重构日志: d57bc48f
// 重构日志: f42e9af8
// 重构日志: 3ba42610
// 同步 ID: 1ced4bff @ Sat Jun 20 16:58:01 UTC 2026
// 同步 ID: 5e81d175 @ Tue Jun 23 09:08:19 UTC 2026
// 同步 ID: 7ffefde7 @ Wed Jun 24 05:47:17 UTC 2026
// 重构日志: 36b1a81c
// 同步 ID: d966e07e @ Fri Jun 26 11:33:43 UTC 2026
// 同步 ID: 75ff03e3 @ Sat Jun 27 02:00:38 UTC 2026
// 同步 ID: c6edee18 @ Sun Jun 28 02:15:18 UTC 2026
// 重构日志: 889d474c
// 重构日志: ddba63dc
// 重构日志: ec1bdada
// 同步 ID: 7cbd10af @ Tue Jun 30 17:23:58 UTC 2026
// 重构日志: 8e6e5ce0
// 重构日志: d6760122
// 重构日志: 8ddefcb9
// 同步 ID: 13236552 @ Fri Jul  3 14:02:49 UTC 2026
// 重构日志: d4e69817
// 同步 ID: d42866ce @ Sun Jul  5 10:57:15 UTC 2026
// 重构日志: 16637519
// 重构日志: fbe21610
// 重构日志: ce05a036
// 同步 ID: 78958fc7 @ Tue Jul  7 04:47:48 UTC 2026
